#
# A fatal error has been detected by the Java Runtime Environment:
#
#  SIGSEGV (0xb) at pc=0x00007f55d1012c6c, pid=31198, tid=0x00007f55e9e0c700
#
# JRE version: OpenJDK Runtime Environment (8.0_121-b13) (build 1.8.0_121-b13)
# Java VM: OpenJDK 64-Bit Server VM (25.121-b13 mixed mode linux-amd64 compressed oops)
# Problematic frame:
# j  com.emotiv.examples.MentalCommandWithCloudProfile.MentalCommandWithCloudProfile.handleUserInput(Lcom/sun/jna/ptr/IntByReference;Lcom/sun/jna/ptr/IntByReference;Ljava/lang/String;Ljava/lang/String;)Z+0
#
# Core dump written. Default location: /home/hasirak/Desktop/AccessibleVirtualKeyboard/epocwebconnection/core or core.31198
#
# If you would like to submit a bug report, please visit:
#   http://bugreport.java.com/bugreport/crash.jsp
#

---------------  T H R E A D  ---------------

Current thread (0x00007f55e0008000):  JavaThread "main" [_thread_in_Java, id=31202, stack(0x00007f55e9d0c000,0x00007f55e9e0d000)]

siginfo: si_signo: 11 (SIGSEGV), si_code: 2 (SEGV_ACCERR), si_addr: 0x00007f55e9d0cf20

Registers:
RAX=0x00007f55e4fe4ee0, RBX=0x00007f55e4f38150, RCX=0x0000000000000328, RDX=0x00007f55e4f383f0
RSP=0x00007f55e9d20f20, RBP=0x00007f55e9d20f60, RSI=0x000000076de0fb98, RDI=0x000000076ea91bf8
R8 =0x000000076ea91bf8, R9 =0x00000000ffffffff, R10=0x00007f55e903d860, R11=0x00007f55d1230d00
R12=0x0000000000000000, R13=0x00007f55e4f37cf0, R14=0x00007f55e9d20fd0, R15=0x00007f55e0008000
RIP=0x00007f55d1012c6c, EFLAGS=0x0000000000010206, CSGSFS=0x0000000000000033, ERR=0x0000000000000006
  TRAPNO=0x000000000000000e

Top of Stack: (sp=0x00007f55e9d20f20)
0x00007f55e9d20f20:   00007f55e9d20f20 00007f55e4f37cf0
0x00007f55e9d20f30:   00007f55e9d20fd0 00007f55e4f383f0
0x00007f55e9d20f40:   00007f55e4fe4fe0 00007f55e4f38150
0x00007f55e9d20f50:   0000000000000000 00007f55e9d20fe0
0x00007f55e9d20f60:   00007f55e9d21120 00007f55d1230de4
0x00007f55e9d20f70:   0000000000000000 0000000000000000
0x00007f55e9d20f80:   0000000000000000 0000000000000000
0x00007f55e9d20f90:   0000000000000000 0000000000000000
0x00007f55e9d20fa0:   0000000000000000 0000000000000000
0x00007f55e9d20fb0:   0000000000000000 000000076ea91bf8
0x00007f55e9d20fc0:   000000076de0fb60 000000076de16c28
0x00007f55e9d20fd0:   000000076de0fb98 00007f55d1230de4
0x00007f55e9d20fe0:   00000000e4fe4ee0 0000000000000000
0x00007f55e9d20ff0:   0000000000000000 0000000000000000
0x00007f55e9d21000:   0000000000000000 0000000000000000
0x00007f55e9d21010:   0000000000000000 0000000000000000
0x00007f55e9d21020:   00000000e4fe4ee0 0000000000000000
0x00007f55e9d21030:   0000000000000000 0000000000000000
0x00007f55e9d21040:   0000000000000000 0000000000000000
0x00007f55e9d21050:   0000000000000000 0000000000000000
0x00007f55e9d21060:   00000000e4fe4ee0 0000000000000000
0x00007f55e9d21070:   0000000000000000 0000000000000000
0x00007f55e9d21080:   0000000000000000 0000000000000000
0x00007f55e9d21090:   0000000000000000 0000000000000000
0x00007f55e9d210a0:   00000000e4fe4ee0 0000000000000000
0x00007f55e9d210b0:   00007f55e9d21120 00007f55d10077d0
0x00007f55e9d210c0:   00007f55e9d21120 00007f55d1007ffd
0x00007f55e9d210d0:   000000076e4a8d88 00007f55d1007ffd
0x00007f55e9d210e0:   00007f55e9d210e0 00007f55e4f3807b
0x00007f55e9d210f0:   00007f55e9d21190 00007f55e4f383f0
0x00007f55e9d21100:   00007f55e4fe6560 00007f55e4f38150
0x00007f55e9d21110:   00007f55e9d210e0 00007f55e9d211a0 

Instructions: (pc=0x00007f55d1012c6c)
0x00007f55d1012c4c:   00 10 ff ff 89 84 24 00 00 ff ff 89 84 24 00 f0
0x00007f55d1012c5c:   fe ff 89 84 24 00 e0 fe ff 89 84 24 00 d0 fe ff
0x00007f55d1012c6c:   89 84 24 00 c0 fe ff 41 c6 87 7d 02 00 00 00 80
0x00007f55d1012c7c:   3d 22 f8 00 18 00 0f 84 2a 00 00 00 48 8b 75 e8 

Register to memory mapping:

RAX=0x00007f55e4fe4ee0 is pointing into metadata
RBX={method} {0x00007f55e4f38150} 'handleUserInput' '(Lcom/sun/jna/ptr/IntByReference;Lcom/sun/jna/ptr/IntByReference;Ljava/lang/String;Ljava/lang/String;)Z' in 'com/emotiv/examples/MentalCommandWithCloudProfile/MentalCommandWithCloudProfile'
RCX=0x0000000000000328 is an unknown value
RDX=0x00007f55e4f383f0 is pointing into metadata
RSP=0x00007f55e9d20f20 is pointing into the stack for thread: 0x00007f55e0008000
RBP=0x00007f55e9d20f60 is pointing into the stack for thread: 0x00007f55e0008000
RSI=0x000000076de0fb98 is an oop
com.sun.jna.ptr.IntByReference 
 - klass: 'com/sun/jna/ptr/IntByReference'
RDI=0x000000076ea91bf8 is an oop
java.lang.String 
 - klass: 'java/lang/String'
R8 =0x000000076ea91bf8 is an oop
java.lang.String 
 - klass: 'java/lang/String'
R9 =0x00000000ffffffff is an unknown value
R10=0x00007f55e903d860: <offset 0xf0b860> in /usr/lib/jvm/java-8-openjdk/jre/lib/amd64/server/libjvm.so at 0x00007f55e8132000
R11=0x00007f55d1230d00 is at entry_point+0 in (nmethod*)0x00007f55d12307d0
R12=0x0000000000000000 is an unknown value
R13=0x00007f55e4f37cf0 is pointing into metadata
R14=0x00007f55e9d20fd0 is pointing into the stack for thread: 0x00007f55e0008000
R15=0x00007f55e0008000 is a thread


Stack: [0x00007f55e9d0c000,0x00007f55e9e0d000],  sp=0x00007f55e9d20f20,  free space=83k
Native frames: (J=compiled Java code, j=interpreted, Vv=VM code, C=native code)
j  com.emotiv.examples.MentalCommandWithCloudProfile.MentalCommandWithCloudProfile.handleUserInput(Lcom/sun/jna/ptr/IntByReference;Lcom/sun/jna/ptr/IntByReference;Ljava/lang/String;Ljava/lang/String;)Z+0
J 433 C1 com.emotiv.examples.MentalCommandWithCloudProfile.MentalCommandWithCloudProfile.startLiveClassificationProcess()V (284 bytes) @ 0x00007f55d1230de4 [0x00007f55d1230d00+0xe4]
j  com.emotiv.examples.MentalCommandWithCloudProfile.MentalCommandWithCloudProfile.handleUserInput(Lcom/sun/jna/ptr/IntByReference;Lcom/sun/jna/ptr/IntByReference;Ljava/lang/String;Ljava/lang/String;)Z+907
J 433 C1 com.emotiv.examples.MentalCommandWithCloudProfile.MentalCommandWithCloudProfile.startLiveClassificationProcess()V (284 bytes) @ 0x00007f55d1230de4 [0x00007f55d1230d00+0xe4]
j  com.emotiv.examples.MentalCommandWithCloudProfile.MentalCommandWithCloudProfile.handleUserInput(Lcom/sun/jna/ptr/IntByReference;Lcom/sun/jna/ptr/IntByReference;Ljava/lang/String;Ljava/lang/String;)Z+907
J 433 C1 com.emotiv.examples.MentalCommandWithCloudProfile.MentalCommandWithCloudProfile.startLiveClassificationProcess()V (284 bytes) @ 0x00007f55d1230de4 [0x00007f55d1230d00+0xe4]
j  com.emotiv.examples.MentalCommandWithCloudProfile.MentalCommandWithCloudProfile.handleUserInput(Lcom/sun/jna/ptr/IntByReference;Lcom/sun/jna/ptr/IntByReference;Ljava/lang/String;Ljava/lang/String;)Z+907
J 433 C1 com.emotiv.examples.MentalCommandWithCloudProfile.MentalCommandWithCloudProfile.startLiveClassificationProcess()V (284 bytes) @ 0x00007f55d1230de4 [0x00007f55d1230d00+0xe4]
j  com.emotiv.examples.MentalCommandWithCloudProfile.MentalCommandWithCloudProfile.handleUserInput(Lcom/sun/jna/ptr/IntByReference;Lcom/sun/jna/ptr/IntByReference;Ljava/lang/String;Ljava/lang/String;)Z+907
J 433 C1 com.emotiv.examples.MentalCommandWithCloudProfile.MentalCommandWithCloudProfile.startLiveClassificationProcess()V (284 bytes) @ 0x00007f55d1230de4 [0x00007f55d1230d00+0xe4]
j  com.emotiv.examples.MentalCommandWithCloudProfile.MentalCommandWithCloudProfile.handleUserInput(Lcom/sun/jna/ptr/IntByReference;Lcom/sun/jna/ptr/IntByReference;Ljava/lang/String;Ljava/lang/String;)Z+907
J 433 C1 com.emotiv.examples.MentalCommandWithCloudProfile.MentalCommandWithCloudProfile.startLiveClassificationProcess()V (284 bytes) @ 0x00007f55d1230de4 [0x00007f55d1230d00+0xe4]
j  com.emotiv.examples.MentalCommandWithCloudProfile.MentalCommandWithCloudProfile.handleUserInput(Lcom/sun/jna/ptr/IntByReference;Lcom/sun/jna/ptr/IntByReference;Ljava/lang/String;Ljava/lang/String;)Z+907
J 433 C1 com.emotiv.examples.MentalCommandWithCloudProfile.MentalCommandWithCloudProfile.startLiveClassificationProcess()V (284 bytes) @ 0x00007f55d1230de4 [0x00007f55d1230d00+0xe4]
j  com.emotiv.examples.MentalCommandWithCloudProfile.MentalCommandWithCloudProfile.handleUserInput(Lcom/sun/jna/ptr/IntByReference;Lcom/sun/jna/ptr/IntByReference;Ljava/lang/String;Ljava/lang/String;)Z+907
J 433 C1 com.emotiv.examples.MentalCommandWithCloudProfile.MentalCommandWithCloudProfile.startLiveClassificationProcess()V (284 bytes) @ 0x00007f55d1230de4 [0x00007f55d1230d00+0xe4]
j  com.emotiv.examples.MentalCommandWithCloudProfile.MentalCommandWithCloudProfile.handleUserInput(Lcom/sun/jna/ptr/IntByReference;Lcom/sun/jna/ptr/IntByReference;Ljava/lang/String;Ljava/lang/String;)Z+907
J 433 C1 com.emotiv.examples.MentalCommandWithCloudProfile.MentalCommandWithCloudProfile.startLiveClassificationProcess()V (284 bytes) @ 0x00007f55d1230de4 [0x00007f55d1230d00+0xe4]
j  com.emotiv.examples.MentalCommandWithCloudProfile.MentalCommandWithCloudProfile.handleUserInput(Lcom/sun/jna/ptr/IntByReference;Lcom/sun/jna/ptr/IntByReference;Ljava/lang/String;Ljava/lang/String;)Z+907
J 433 C1 com.emotiv.examples.MentalCommandWithCloudProfile.MentalCommandWithCloudProfile.startLiveClassificationProcess()V (284 bytes) @ 0x00007f55d1230de4 [0x00007f55d1230d00+0xe4]
j  com.emotiv.examples.MentalCommandWithCloudProfile.MentalCommandWithCloudProfile.handleUserInput(Lcom/sun/jna/ptr/IntByReference;Lcom/sun/jna/ptr/IntByReference;Ljava/lang/String;Ljava/lang/String;)Z+907
J 433 C1 com.emotiv.examples.MentalCommandWithCloudProfile.MentalCommandWithCloudProfile.startLiveClassificationProcess()V (284 bytes) @ 0x00007f55d1230de4 [0x00007f55d1230d00+0xe4]
j  com.emotiv.examples.MentalCommandWithCloudProfile.MentalCommandWithCloudProfile.handleUserInput(Lcom/sun/jna/ptr/IntByReference;Lcom/sun/jna/ptr/IntByReference;Ljava/lang/String;Ljava/lang/String;)Z+907
J 433 C1 com.emotiv.examples.MentalCommandWithCloudProfile.MentalCommandWithCloudProfile.startLiveClassificationProcess()V (284 bytes) @ 0x00007f55d1230de4 [0x00007f55d1230d00+0xe4]
j  com.emotiv.examples.MentalCommandWithCloudProfile.MentalCommandWithCloudProfile.handleUserInput(Lcom/sun/jna/ptr/IntByReference;Lcom/sun/jna/ptr/IntByReference;Ljava/lang/String;Ljava/lang/String;)Z+907
J 433 C1 com.emotiv.examples.MentalCommandWithCloudProfile.MentalCommandWithCloudProfile.startLiveClassificationProcess()V (284 bytes) @ 0x00007f55d1230de4 [0x00007f55d1230d00+0xe4]
j  com.emotiv.examples.MentalCommandWithCloudProfile.MentalCommandWithCloudProfile.handleUserInput(Lcom/sun/jna/ptr/IntByReference;Lcom/sun/jna/ptr/IntByReference;Ljava/lang/String;Ljava/lang/String;)Z+907
J 433 C1 com.emotiv.examples.MentalCommandWithCloudProfile.MentalCommandWithCloudProfile.startLiveClassificationProcess()V (284 bytes) @ 0x00007f55d1230de4 [0x00007f55d1230d00+0xe4]
j  com.emotiv.examples.MentalCommandWithCloudProfile.MentalCommandWithCloudProfile.handleUserInput(Lcom/sun/jna/ptr/IntByReference;Lcom/sun/jna/ptr/IntByReference;Ljava/lang/String;Ljava/lang/String;)Z+907
J 433 C1 com.emotiv.examples.MentalCommandWithCloudProfile.MentalCommandWithCloudProfile.startLiveClassificationProcess()V (284 bytes) @ 0x00007f55d1230de4 [0x00007f55d1230d00+0xe4]
j  com.emotiv.examples.MentalCommandWithCloudProfile.MentalCommandWithCloudProfile.handleUserInput(Lcom/sun/jna/ptr/IntByReference;Lcom/sun/jna/ptr/IntByReference;Ljava/lang/String;Ljava/lang/String;)Z+907
J 433 C1 com.emotiv.examples.MentalCommandWithCloudProfile.MentalCommandWithCloudProfile.startLiveClassificationProcess()V (284 bytes) @ 0x00007f55d1230de4 [0x00007f55d1230d00+0xe4]
j  com.emotiv.examples.MentalCommandWithCloudProfile.MentalCommandWithCloudProfile.handleUserInput(Lcom/sun/jna/ptr/IntByReference;Lcom/sun/jna/ptr/IntByReference;Ljava/lang/String;Ljava/lang/String;)Z+907
J 433 C1 com.emotiv.examples.MentalCommandWithCloudProfile.MentalCommandWithCloudProfile.startLiveClassificationProcess()V (284 bytes) @ 0x00007f55d1230de4 [0x00007f55d1230d00+0xe4]
j  com.emotiv.examples.MentalCommandWithCloudProfile.MentalCommandWithCloudProfile.handleUserInput(Lcom/sun/jna/ptr/IntByReference;Lcom/sun/jna/ptr/IntByReference;Ljava/lang/String;Ljava/lang/String;)Z+907
J 433 C1 com.emotiv.examples.MentalCommandWithCloudProfile.MentalCommandWithCloudProfile.startLiveClassificationProcess()V (284 bytes) @ 0x00007f55d1230de4 [0x00007f55d1230d00+0xe4]
j  com.emotiv.examples.MentalCommandWithCloudProfile.MentalCommandWithCloudProfile.handleUserInput(Lcom/sun/jna/ptr/IntByReference;Lcom/sun/jna/ptr/IntByReference;Ljava/lang/String;Ljava/lang/String;)Z+907
J 433 C1 com.emotiv.examples.MentalCommandWithCloudProfile.MentalCommandWithCloudProfile.startLiveClassificationProcess()V (284 bytes) @ 0x00007f55d1230de4 [0x00007f55d1230d00+0xe4]
j  com.emotiv.examples.MentalCommandWithCloudProfile.MentalCommandWithCloudProfile.handleUserInput(Lcom/sun/jna/ptr/IntByReference;Lcom/sun/jna/ptr/IntByReference;Ljava/lang/String;Ljava/lang/String;)Z+907
J 433 C1 com.emotiv.examples.MentalCommandWithCloudProfile.MentalCommandWithCloudProfile.startLiveClassificationProcess()V (284 bytes) @ 0x00007f55d1230de4 [0x00007f55d1230d00+0xe4]
j  com.emotiv.examples.MentalCommandWithCloudProfile.MentalCommandWithCloudProfile.handleUserInput(Lcom/sun/jna/ptr/IntByReference;Lcom/sun/jna/ptr/IntByReference;Ljava/lang/String;Ljava/lang/String;)Z+907
J 433 C1 com.emotiv.examples.MentalCommandWithCloudProfile.MentalCommandWithCloudProfile.startLiveClassificationProcess()V (284 bytes) @ 0x00007f55d1230de4 [0x00007f55d1230d00+0xe4]
j  com.emotiv.examples.MentalCommandWithCloudProfile.MentalCommandWithCloudProfile.handleUserInput(Lcom/sun/jna/ptr/IntByReference;Lcom/sun/jna/ptr/IntByReference;Ljava/lang/String;Ljava/lang/String;)Z+907
J 433 C1 com.emotiv.examples.MentalCommandWithCloudProfile.MentalCommandWithCloudProfile.startLiveClassificationProcess()V (284 bytes) @ 0x00007f55d1230de4 [0x00007f55d1230d00+0xe4]
j  com.emotiv.examples.MentalCommandWithCloudProfile.MentalCommandWithCloudProfile.handleUserInput(Lcom/sun/jna/ptr/IntByReference;Lcom/sun/jna/ptr/IntByReference;Ljava/lang/String;Ljava/lang/String;)Z+907
J 433 C1 com.emotiv.examples.MentalCommandWithCloudProfile.MentalCommandWithCloudProfile.startLiveClassificationProcess()V (284 bytes) @ 0x00007f55d1230de4 [0x00007f55d1230d00+0xe4]
j  com.emotiv.examples.MentalCommandWithCloudProfile.MentalCommandWithCloudProfile.handleUserInput(Lcom/sun/jna/ptr/IntByReference;Lcom/sun/jna/ptr/IntByReference;Ljava/lang/String;Ljava/lang/String;)Z+907
J 433 C1 com.emotiv.examples.MentalCommandWithCloudProfile.MentalCommandWithCloudProfile.startLiveClassificationProcess()V (284 bytes) @ 0x00007f55d1230de4 [0x00007f55d1230d00+0xe4]
j  com.emotiv.examples.MentalCommandWithCloudProfile.MentalCommandWithCloudProfile.handleUserInput(Lcom/sun/jna/ptr/IntByReference;Lcom/sun/jna/ptr/IntByReference;Ljava/lang/String;Ljava/lang/String;)Z+907
J 433 C1 com.emotiv.examples.MentalCommandWithCloudProfile.MentalCommandWithCloudProfile.startLiveClassificationProcess()V (284 bytes) @ 0x00007f55d1230de4 [0x00007f55d1230d00+0xe4]
j  com.emotiv.examples.MentalCommandWithCloudProfile.MentalCommandWithCloudProfile.handleUserInput(Lcom/sun/jna/ptr/IntByReference;Lcom/sun/jna/ptr/IntByReference;Ljava/lang/String;Ljava/lang/String;)Z+907
J 433 C1 com.emotiv.examples.MentalCommandWithCloudProfile.MentalCommandWithCloudProfile.startLiveClassificationProcess()V (284 bytes) @ 0x00007f55d1230de4 [0x00007f55d1230d00+0xe4]
j  com.emotiv.examples.MentalCommandWithCloudProfile.MentalCommandWithCloudProfile.handleUserInput(Lcom/sun/jna/ptr/IntByReference;Lcom/sun/jna/ptr/IntByReference;Ljava/lang/String;Ljava/lang/String;)Z+907
J 433 C1 com.emotiv.examples.MentalCommandWithCloudProfile.MentalCommandWithCloudProfile.startLiveClassificationProcess()V (284 bytes) @ 0x00007f55d1230de4 [0x00007f55d1230d00+0xe4]
j  com.emotiv.examples.MentalCommandWithCloudProfile.MentalCommandWithCloudProfile.handleUserInput(Lcom/sun/jna/ptr/IntByReference;Lcom/sun/jna/ptr/IntByReference;Ljava/lang/String;Ljava/lang/String;)Z+907
J 433 C1 com.emotiv.examples.MentalCommandWithCloudProfile.MentalCommandWithCloudProfile.startLiveClassificationProcess()V (284 bytes) @ 0x00007f55d1230de4 [0x00007f55d1230d00+0xe4]
j  com.emotiv.examples.MentalCommandWithCloudProfile.MentalCommandWithCloudProfile.handleUserInput(Lcom/sun/jna/ptr/IntByReference;Lcom/sun/jna/ptr/IntByReference;Ljava/lang/String;Ljava/lang/String;)Z+907
J 433 C1 com.emotiv.examples.MentalCommandWithCloudProfile.MentalCommandWithCloudProfile.startLiveClassificationProcess()V (284 bytes) @ 0x00007f55d1230de4 [0x00007f55d1230d00+0xe4]
j  com.emotiv.examples.MentalCommandWithCloudProfile.MentalCommandWithCloudProfile.handleUserInput(Lcom/sun/jna/ptr/IntByReference;Lcom/sun/jna/ptr/IntByReference;Ljava/lang/String;Ljava/lang/String;)Z+907
J 433 C1 com.emotiv.examples.MentalCommandWithCloudProfile.MentalCommandWithCloudProfile.startLiveClassificationProcess()V (284 bytes) @ 0x00007f55d1230de4 [0x00007f55d1230d00+0xe4]
j  com.emotiv.examples.MentalCommandWithCloudProfile.MentalCommandWithCloudProfile.handleUserInput(Lcom/sun/jna/ptr/IntByReference;Lcom/sun/jna/ptr/IntByReference;Ljava/lang/String;Ljava/lang/String;)Z+907
J 433 C1 com.emotiv.examples.MentalCommandWithCloudProfile.MentalCommandWithCloudProfile.startLiveClassificationProcess()V (284 bytes) @ 0x00007f55d1230de4 [0x00007f55d1230d00+0xe4]
j  com.emotiv.examples.MentalCommandWithCloudProfile.MentalCommandWithCloudProfile.handleUserInput(Lcom/sun/jna/ptr/IntByReference;Lcom/sun/jna/ptr/IntByReference;Ljava/lang/String;Ljava/lang/String;)Z+907
J 433 C1 com.emotiv.examples.MentalCommandWithCloudProfile.MentalCommandWithCloudProfile.startLiveClassificationProcess()V (284 bytes) @ 0x00007f55d1230de4 [0x00007f55d1230d00+0xe4]
j  com.emotiv.examples.MentalCommandWithCloudProfile.MentalCommandWithCloudProfile.handleUserInput(Lcom/sun/jna/ptr/IntByReference;Lcom/sun/jna/ptr/IntByReference;Ljava/lang/String;Ljava/lang/String;)Z+907
J 433 C1 com.emotiv.examples.MentalCommandWithCloudProfile.MentalCommandWithCloudProfile.startLiveClassificationProcess()V (284 bytes) @ 0x00007f55d1230de4 [0x00007f55d1230d00+0xe4]
j  com.emotiv.examples.MentalCommandWithCloudProfile.MentalCommandWithCloudProfile.handleUserInput(Lcom/sun/jna/ptr/IntByReference;Lcom/sun/jna/ptr/IntByReference;Ljava/lang/String;Ljava/lang/String;)Z+907
J 433 C1 com.emotiv.examples.MentalCommandWithCloudProfile.MentalCommandWithCloudProfile.startLiveClassificationProcess()V (284 bytes) @ 0x00007f55d1230de4 [0x00007f55d1230d00+0xe4]
j  com.emotiv.examples.MentalCommandWithCloudProfile.MentalCommandWithCloudProfile.handleUserInput(Lcom/sun/jna/ptr/IntByReference;Lcom/sun/jna/ptr/IntByReference;Ljava/lang/String;Ljava/lang/String;)Z+907
J 433 C1 com.emotiv.examples.MentalCommandWithCloudProfile.MentalCommandWithCloudProfile.startLiveClassificationProcess()V (284 bytes) @ 0x00007f55d1230de4 [0x00007f55d1230d00+0xe4]
j  com.emotiv.examples.MentalCommandWithCloudProfile.MentalCommandWithCloudProfile.handleUserInput(Lcom/sun/jna/ptr/IntByReference;Lcom/sun/jna/ptr/IntByReference;Ljava/lang/String;Ljava/lang/String;)Z+907
J 433 C1 com.emotiv.examples.MentalCommandWithCloudProfile.MentalCommandWithCloudProfile.startLiveClassificationProcess()V (284 bytes) @ 0x00007f55d1230de4 [0x00007f55d1230d00+0xe4]
j  com.emotiv.examples.MentalCommandWithCloudProfile.MentalCommandWithCloudProfile.handleUserInput(Lcom/sun/jna/ptr/IntByReference;Lcom/sun/jna/ptr/IntByReference;Ljava/lang/String;Ljava/lang/String;)Z+907
J 433 C1 com.emotiv.examples.MentalCommandWithCloudProfile.MentalCommandWithCloudProfile.startLiveClassificationProcess()V (284 bytes) @ 0x00007f55d1230de4 [0x00007f55d1230d00+0xe4]
j  com.emotiv.examples.MentalCommandWithCloudProfile.MentalCommandWithCloudProfile.handleUserInput(Lcom/sun/jna/ptr/IntByReference;Lcom/sun/jna/ptr/IntByReference;Ljava/lang/String;Ljava/lang/String;)Z+907
J 433 C1 com.emotiv.examples.MentalCommandWithCloudProfile.MentalCommandWithCloudProfile.startLiveClassificationProcess()V (284 bytes) @ 0x00007f55d1230de4 [0x00007f55d1230d00+0xe4]
j  com.emotiv.examples.MentalCommandWithCloudProfile.MentalCommandWithCloudProfile.handleUserInput(Lcom/sun/jna/ptr/IntByReference;Lcom/sun/jna/ptr/IntByReference;Ljava/lang/String;Ljava/lang/String;)Z+907
J 433 C1 com.emotiv.examples.MentalCommandWithCloudProfile.MentalCommandWithCloudProfile.startLiveClassificationProcess()V (284 bytes) @ 0x00007f55d1230de4 [0x00007f55d1230d00+0xe4]
j  com.emotiv.examples.MentalCommandWithCloudProfile.MentalCommandWithCloudProfile.handleUserInput(Lcom/sun/jna/ptr/IntByReference;Lcom/sun/jna/ptr/IntByReference;Ljava/lang/String;Ljava/lang/String;)Z+907
J 433 C1 com.emotiv.examples.MentalCommandWithCloudProfile.MentalCommandWithCloudProfile.startLiveClassificationProcess()V (284 bytes) @ 0x00007f55d1230de4 [0x00007f55d1230d00+0xe4]
j  com.emotiv.examples.MentalCommandWithCloudProfile.MentalCommandWithCloudProfile.handleUserInput(Lcom/sun/jna/ptr/IntByReference;Lcom/sun/jna/ptr/IntByReference;Ljava/lang/String;Ljava/lang/String;)Z+907
J 433 C1 com.emotiv.examples.MentalCommandWithCloudProfile.MentalCommandWithCloudProfile.startLiveClassificationProcess()V (284 bytes) @ 0x00007f55d1230de4 [0x00007f55d1230d00+0xe4]
j  com.emotiv.examples.MentalCommandWithCloudProfile.MentalCommandWithCloudProfile.handleUserInput(Lcom/sun/jna/ptr/IntByReference;Lcom/sun/jna/ptr/IntByReference;Ljava/lang/String;Ljava/lang/String;)Z+907
J 433 C1 com.emotiv.examples.MentalCommandWithCloudProfile.MentalCommandWithCloudProfile.startLiveClassificationProcess()V (284 bytes) @ 0x00007f55d1230de4 [0x00007f55d1230d00+0xe4]
j  com.emotiv.examples.MentalCommandWithCloudProfile.MentalCommandWithCloudProfile.handleUserInput(Lcom/sun/jna/ptr/IntByReference;Lcom/sun/jna/ptr/IntByReference;Ljava/lang/String;Ljava/lang/String;)Z+907
J 433 C1 com.emotiv.examples.MentalCommandWithCloudProfile.MentalCommandWithCloudProfile.startLiveClassificationProcess()V (284 bytes) @ 0x00007f55d1230de4 [0x00007f55d1230d00+0xe4]
j  com.emotiv.examples.MentalCommandWithCloudProfile.MentalCommandWithCloudProfile.handleUserInput(Lcom/sun/jna/ptr/IntByReference;Lcom/sun/jna/ptr/IntByReference;Ljava/lang/String;Ljava/lang/String;)Z+907
J 433 C1 com.emotiv.examples.MentalCommandWithCloudProfile.MentalCommandWithCloudProfile.startLiveClassificationProcess()V (284 bytes) @ 0x00007f55d1230de4 [0x00007f55d1230d00+0xe4]
j  com.emotiv.examples.MentalCommandWithCloudProfile.MentalCommandWithCloudProfile.handleUserInput(Lcom/sun/jna/ptr/IntByReference;Lcom/sun/jna/ptr/IntByReference;Ljava/lang/String;Ljava/lang/String;)Z+907
J 433 C1 com.emotiv.examples.MentalCommandWithCloudProfile.MentalCommandWithCloudProfile.startLiveClassificationProcess()V (284 bytes) @ 0x00007f55d1230de4 [0x00007f55d1230d00+0xe4]
j  com.emotiv.examples.MentalCommandWithCloudProfile.MentalCommandWithCloudProfile.handleUserInput(Lcom/sun/jna/ptr/IntByReference;Lcom/sun/jna/ptr/IntByReference;Ljava/lang/String;Ljava/lang/String;)Z+907
J 433 C1 com.emotiv.examples.MentalCommandWithCloudProfile.MentalCommandWithCloudProfile.startLiveClassificationProcess()V (284 bytes) @ 0x00007f55d1230de4 [0x00007f55d1230d00+0xe4]
j  com.emotiv.examples.MentalCommandWithCloudProfile.MentalCommandWithCloudProfile.handleUserInput(Lcom/sun/jna/ptr/IntByReference;Lcom/sun/jna/ptr/IntByReference;Ljava/lang/String;Ljava/lang/String;)Z+907
J 433 C1 com.emotiv.examples.MentalCommandWithCloudProfile.MentalCommandWithCloudProfile.startLiveClassificationProcess()V (284 bytes) @ 0x00007f55d1230de4 [0x00007f55d1230d00+0xe4]
j  com.emotiv.examples.MentalCommandWithCloudProfile.MentalCommandWithCloudProfile.handleUserInput(Lcom/sun/jna/ptr/IntByReference;Lcom/sun/jna/ptr/IntByReference;Ljava/lang/String;Ljava/lang/String;)Z+907
J 433 C1 com.emotiv.examples.MentalCommandWithCloudProfile.MentalCommandWithCloudProfile.startLiveClassificationProcess()V (284 bytes) @ 0x00007f55d1230de4 [0x00007f55d1230d00+0xe4]
j  com.emotiv.examples.MentalCommandWithCloudProfile.MentalCommandWithCloudProfile.handleUserInput(Lcom/sun/jna/ptr/IntByReference;Lcom/sun/jna/ptr/IntByReference;Ljava/lang/String;Ljava/lang/String;)Z+907
J 433 C1 com.emotiv.examples.MentalCommandWithCloudProfile.MentalCommandWithCloudProfile.startLiveClassificationProcess()V (284 bytes) @ 0x00007f55d1230de4 [0x00007f55d1230d00+0xe4]
j  com.emotiv.examples.MentalCommandWithCloudProfile.MentalCommandWithCloudProfile.handleUserInput(Lcom/sun/jna/ptr/IntByReference;Lcom/sun/jna/ptr/IntByReference;Ljava/lang/String;Ljava/lang/String;)Z+907
J 433 C1 com.emotiv.examples.MentalCommandWithCloudProfile.MentalCommandWithCloudProfile.startLiveClassificationProcess()V (284 bytes) @ 0x00007f55d1230de4 [0x00007f55d1230d00+0xe4]
...<more frames>...


---------------  P R O C E S S  ---------------

Java Threads: ( => current thread )
  0x00007f55e025d000 JavaThread "Thread-0" [_thread_in_native, id=31250, stack(0x00007f55b8445000,0x00007f55b8546000)]
  0x00007f55e01e6000 JavaThread "process reaper" daemon [_thread_blocked, id=31223, stack(0x00007f55d0013000,0x00007f55d004c000)]
  0x00007f55e00d1800 JavaThread "Service Thread" daemon [_thread_blocked, id=31219, stack(0x00007f55bafdd000,0x00007f55bb0de000)]
  0x00007f55e00c6800 JavaThread "C1 CompilerThread3" daemon [_thread_in_native, id=31218, stack(0x00007f55bb0de000,0x00007f55bb1df000)]
  0x00007f55e00c4000 JavaThread "C2 CompilerThread2" daemon [_thread_in_native, id=31217, stack(0x00007f55bb1df000,0x00007f55bb2e0000)]
  0x00007f55e00c2800 JavaThread "C2 CompilerThread1" daemon [_thread_blocked, id=31216, stack(0x00007f55bb2e0000,0x00007f55bb3e1000)]
  0x00007f55e00bf800 JavaThread "C2 CompilerThread0" daemon [_thread_blocked, id=31215, stack(0x00007f55bb3e1000,0x00007f55bb4e2000)]
  0x00007f55e00be000 JavaThread "Signal Dispatcher" daemon [_thread_blocked, id=31214, stack(0x00007f55bb4e2000,0x00007f55bb5e3000)]
  0x00007f55e008a000 JavaThread "Finalizer" daemon [_thread_blocked, id=31213, stack(0x00007f55bb8f9000,0x00007f55bb9fa000)]
  0x00007f55e0085800 JavaThread "Reference Handler" daemon [_thread_blocked, id=31212, stack(0x00007f55bb9fa000,0x00007f55bbafb000)]
=>0x00007f55e0008000 JavaThread "main" [_thread_in_Java, id=31202, stack(0x00007f55e9d0c000,0x00007f55e9e0d000)]

Other Threads:
  0x00007f55e007e000 VMThread [stack: 0x00007f55bbafb000,0x00007f55bbbfc000] [id=31211]
  0x00007f55e00d4000 WatcherThread [stack: 0x00007f55baedc000,0x00007f55bafdd000] [id=31220]

VM state:not at safepoint (normal execution)

VM Mutex/Monitor currently owned by a thread: None

Heap:
 PSYoungGen      total 74752K, used 53011K [0x000000076d000000, 0x0000000772300000, 0x00000007c0000000)
  eden space 64512K, 82% used [0x000000076d000000,0x00000007703c4f48,0x0000000770f00000)
  from space 10240K, 0% used [0x0000000771900000,0x0000000771900000,0x0000000772300000)
  to   space 10240K, 0% used [0x0000000770f00000,0x0000000770f00000,0x0000000771900000)
 ParOldGen       total 171008K, used 0K [0x00000006c7000000, 0x00000006d1700000, 0x000000076d000000)
  object space 171008K, 0% used [0x00000006c7000000,0x00000006c7000000,0x00000006d1700000)
 Metaspace       used 5331K, capacity 5532K, committed 5632K, reserved 1056768K
  class space    used 583K, capacity 674K, committed 768K, reserved 1048576K

Card table byte_map: [0x00007f55e6835000,0x00007f55e6ffe000] byte_map_base: 0x00007f55e31fd000

Marking Bits: (ParMarkBitMap*) 0x00007f55e902c260
 Begin Bits: [0x00007f559c380000, 0x00007f55a01c0000)
 End Bits:   [0x00007f55a01c0000, 0x00007f55a4000000)

Polling page: 0x00007f55e9e53000

CodeCache: size=245760Kb used=2310Kb max_used=2321Kb free=243449Kb
 bounds [0x00007f55d1000000, 0x00007f55d1270000, 0x00007f55e0000000]
 total_blobs=738 nmethods=444 adapters=209
 compilation: enabled

Compilation events (10 events):
Event: 14.794 Thread 0x00007f55e00c4000  441       4       java.util.WeakHashMap::get (77 bytes)
Event: 14.795 Thread 0x00007f55e00c2800  442   !   4       com.sun.jna.Library$Handler::invoke (352 bytes)
Event: 14.800 Thread 0x00007f55e00c4000 nmethod 441 0x00007f55d12412d0 code [0x00007f55d1241460, 0x00007f55d12419a8]
Event: 14.825 Thread 0x00007f55e00c2800 nmethod 442 0x00007f55d1241f10 code [0x00007f55d1242260, 0x00007f55d1243fb0]
Event: 17.075 Thread 0x00007f55e00bf800  443 %     4       com.emotiv.examples.MentalCommandWithCloudProfile.MentalCommandWithCloudProfile::startLiveClassificationProcess @ 0 (284 bytes)
Event: 17.078 Thread 0x00007f55e00bf800 nmethod 443% 0x00007f55d1245e50 code [0x00007f55d1246000, 0x00007f55d1246338]
Event: 32.120 Thread 0x00007f55e00c6800  444       3       java.nio.charset.CoderResult::isUnderflow (13 bytes)
Event: 32.121 Thread 0x00007f55e00c6800 nmethod 444 0x00007f55d1225690 code [0x00007f55d1225800, 0x00007f55d12259b0]
Event: 35.363 Thread 0x00007f55e00c6800  445       3       com.emotiv.examples.MentalCommandWithCloudProfile.MentalCommandWithCloudProfile::handleUserInput (912 bytes)
Event: 35.363 Thread 0x00007f55e00c4000  446       4       com.emotiv.examples.MentalCommandWithCloudProfile.MentalCommandWithCloudProfile::startLiveClassificationProcess (284 bytes)

GC Heap History (0 events):
No events

Deoptimization events (10 events):
Event: 0.198 Thread 0x00007f55e0008000 Uncommon trap: reason=unstable_if action=reinterpret pc=0x00007f55d11c7920 method=java.lang.StringCoding.decode(Ljava/lang/String;[BII)[C @ 38
Event: 4.231 Thread 0x00007f55e0008000 Uncommon trap: reason=null_check action=make_not_entrant pc=0x00007f55d1228acc method=com.sun.jna.Function.invoke(Ljava/lang/reflect/Method;[Ljava/lang/Class;Ljava/lang/Class;[Ljava/lang/Object;Ljava/util/Map;)Ljava/lang/Object; @ 187
Event: 14.465 Thread 0x00007f55e0008000 Uncommon trap: reason=unstable_if action=reinterpret pc=0x00007f55d1223cb0 method=com.emotiv.examples.MentalCommandWithCloudProfile.MentalCommandWithCloudProfile.startLiveClassificationProcess()V @ 4
Event: 14.466 Thread 0x00007f55e0008000 Uncommon trap: reason=unstable_if action=reinterpret pc=0x00007f55d12220dc method=java.util.WeakHashMap.get(Ljava/lang/Object;)Ljava/lang/Object; @ 35
Event: 14.466 Thread 0x00007f55e0008000 Uncommon trap: reason=unstable_if action=reinterpret pc=0x00007f55d121e9f8 method=java.util.WeakHashMap.get(Ljava/lang/Object;)Ljava/lang/Object; @ 35
Event: 14.466 Thread 0x00007f55e0008000 Uncommon trap: reason=speculate_class_check action=maybe_recompile pc=0x00007f55d12246a4 method=com.sun.jna.Function.convertArgument([Ljava/lang/Object;ILjava/lang/reflect/Method;Lcom/sun/jna/TypeMapper;ZLjava/lang/Class;)Ljava/lang/Object; @ 135
Event: 14.466 Thread 0x00007f55e0008000 Uncommon trap: reason=unstable_if action=reinterpret pc=0x00007f55d1227894 method=com.sun.jna.Native.getNativeSize(Ljava/lang/Class;)I @ 94
Event: 14.466 Thread 0x00007f55e0008000 Uncommon trap: reason=speculate_class_check action=maybe_recompile pc=0x00007f55d12246a4 method=com.sun.jna.Function.convertArgument([Ljava/lang/Object;ILjava/lang/reflect/Method;Lcom/sun/jna/TypeMapper;ZLjava/lang/Class;)Ljava/lang/Object; @ 135
Event: 14.468 Thread 0x00007f55e0008000 Uncommon trap: reason=speculate_class_check action=maybe_recompile pc=0x00007f55d12246a4 method=com.sun.jna.Function.convertArgument([Ljava/lang/Object;ILjava/lang/reflect/Method;Lcom/sun/jna/TypeMapper;ZLjava/lang/Class;)Ljava/lang/Object; @ 135
Event: 29.130 Thread 0x00007f55e025d000 Uncommon trap: reason=unstable_if action=reinterpret pc=0x00007f55d119a3ec method=java.lang.String.<init>([CII)V @ 18

Internal exceptions (10 events):
Event: 0.059 Thread 0x00007f55e0008000 Exception <a 'java/security/PrivilegedActionException'> (0x000000076d0eb068) thrown at [/build/java8-openjdk/src/jdk8u-jdk8u121-b13/hotspot/src/share/vm/prims/jvm.cpp, line 1390]
Event: 0.059 Thread 0x00007f55e0008000 Exception <a 'java/security/PrivilegedActionException'> (0x000000076d0eb278) thrown at [/build/java8-openjdk/src/jdk8u-jdk8u121-b13/hotspot/src/share/vm/prims/jvm.cpp, line 1390]
Event: 0.060 Thread 0x00007f55e0008000 Exception <a 'java/security/PrivilegedActionException'> (0x000000076d0ebcd8) thrown at [/build/java8-openjdk/src/jdk8u-jdk8u121-b13/hotspot/src/share/vm/prims/jvm.cpp, line 1390]
Event: 0.060 Thread 0x00007f55e0008000 Exception <a 'java/security/PrivilegedActionException'> (0x000000076d0ebee8) thrown at [/build/java8-openjdk/src/jdk8u-jdk8u121-b13/hotspot/src/share/vm/prims/jvm.cpp, line 1390]
Event: 0.128 Thread 0x00007f55e0008000 Exception <a 'java/lang/NoSuchFieldError': method resolution failed> (0x000000076d3c9bc0) thrown at [/build/java8-openjdk/src/jdk8u-jdk8u121-b13/hotspot/src/share/vm/prims/methodHandles.cpp, line 1146]
Event: 0.130 Thread 0x00007f55e0008000 Exception <a 'java/lang/NoSuchFieldError': method resolution failed> (0x000000076d3d7328) thrown at [/build/java8-openjdk/src/jdk8u-jdk8u121-b13/hotspot/src/share/vm/prims/methodHandles.cpp, line 1146]
Event: 0.169 Thread 0x00007f55e0008000 Exception <a 'java/lang/UnsatisfiedLinkError': libedk.so: cannot open shared object file: No such file or directory> (0x000000076d695918) thrown at [/build/java8-openjdk/src/jdk8u-jdk8u121-b13/hotspot/src/share/vm/prims/jni.cpp, line 735]
Event: 0.169 Thread 0x00007f55e0008000 Exception <a 'java/lang/UnsatisfiedLinkError': libedk.so: cannot open shared object file: No such file or directory> (0x000000076d697020) thrown at [/build/java8-openjdk/src/jdk8u-jdk8u121-b13/hotspot/src/share/vm/prims/jni.cpp, line 735]
Event: 14.466 Thread 0x00007f55e0008000 Implicit null exception at 0x00007f55d1221bdb to 0x00007f55d12220a5
Event: 14.466 Thread 0x00007f55e0008000 Implicit null exception at 0x00007f55d121e7c5 to 0x00007f55d121e9e1

Events (10 events):
Event: 14.466 loading class com/emotiv/Iedk/Edk$IEE_Event_t
Event: 14.466 loading class com/emotiv/Iedk/Edk$IEE_Event_t done
Event: 14.468 Thread 0x00007f55e0008000 Uncommon trap: trap_request=0xffffff76 fr.pc=0x00007f55d12246a4
Event: 14.468 Thread 0x00007f55e0008000 DEOPT PACKING pc=0x00007f55d12246a4 sp=0x00007f55e9e0b690
Event: 14.468 Thread 0x00007f55e0008000 DEOPT UNPACKING pc=0x00007f55d1004f69 sp=0x00007f55e9e0b618 mode 2
Event: 17.516 Thread 0x00007f55e0008000 DEOPT PACKING pc=0x00007f55d123cc5f sp=0x00007f55e9e0b8e0
Event: 17.516 Thread 0x00007f55e0008000 DEOPT UNPACKING pc=0x00007f55d1047373 sp=0x00007f55e9e0b6c8 mode 0
Event: 29.130 Thread 0x00007f55e025d000 Uncommon trap: trap_request=0xffffff65 fr.pc=0x00007f55d119a3ec
Event: 29.130 Thread 0x00007f55e025d000 DEOPT PACKING pc=0x00007f55d119a3ec sp=0x00007f55b8544840
Event: 29.131 Thread 0x00007f55e025d000 DEOPT UNPACKING pc=0x00007f55d1004f69 sp=0x00007f55b8544808 mode 2


Dynamic libraries:
00400000-00401000 r-xp 00000000 fe:00 8257756                            /usr/lib/jvm/java-8-openjdk/jre/bin/java
00600000-00601000 r--p 00000000 fe:00 8257756                            /usr/lib/jvm/java-8-openjdk/jre/bin/java
00601000-00602000 rw-p 00001000 fe:00 8257756                            /usr/lib/jvm/java-8-openjdk/jre/bin/java
0112e000-0114f000 rw-p 00000000 00:00 0                                  [heap]
6c7000000-6d1700000 rw-p 00000000 00:00 0 
6d1700000-76d000000 ---p 00000000 00:00 0 
76d000000-772300000 rw-p 00000000 00:00 0 
772300000-7c0000000 ---p 00000000 00:00 0 
7c0000000-7c00c0000 rw-p 00000000 00:00 0 
7c00c0000-800000000 ---p 00000000 00:00 0 
7f5560000000-7f5560021000 rw-p 00000000 00:00 0 
7f5560021000-7f5564000000 ---p 00000000 00:00 0 
7f5568000000-7f5568022000 rw-p 00000000 00:00 0 
7f5568022000-7f556c000000 ---p 00000000 00:00 0 
7f556c000000-7f556c021000 rw-p 00000000 00:00 0 
7f556c021000-7f5570000000 ---p 00000000 00:00 0 
7f5570000000-7f5570021000 rw-p 00000000 00:00 0 
7f5570021000-7f5574000000 ---p 00000000 00:00 0 
7f5574000000-7f557405b000 rw-p 00000000 00:00 0 
7f557405b000-7f5578000000 ---p 00000000 00:00 0 
7f5578000000-7f5578021000 rw-p 00000000 00:00 0 
7f5578021000-7f557c000000 ---p 00000000 00:00 0 
7f557c000000-7f557c021000 rw-p 00000000 00:00 0 
7f557c021000-7f5580000000 ---p 00000000 00:00 0 
7f5580000000-7f5580141000 rw-p 00000000 00:00 0 
7f5580141000-7f5584000000 ---p 00000000 00:00 0 
7f5584000000-7f55841b3000 rw-p 00000000 00:00 0 
7f55841b3000-7f5588000000 ---p 00000000 00:00 0 
7f5588000000-7f5588203000 rw-p 00000000 00:00 0 
7f5588203000-7f558c000000 ---p 00000000 00:00 0 
7f558c000000-7f558c1a5000 rw-p 00000000 00:00 0 
7f558c1a5000-7f5590000000 ---p 00000000 00:00 0 
7f5590000000-7f5590021000 rw-p 00000000 00:00 0 
7f5590021000-7f5594000000 ---p 00000000 00:00 0 
7f5594000000-7f5594021000 rw-p 00000000 00:00 0 
7f5594021000-7f5598000000 ---p 00000000 00:00 0 
7f5598000000-7f5598021000 rw-p 00000000 00:00 0 
7f5598021000-7f559c000000 ---p 00000000 00:00 0 
7f559c380000-7f55a4000000 rw-p 00000000 00:00 0 
7f55a4000000-7f55a4021000 rw-p 00000000 00:00 0 
7f55a4021000-7f55a8000000 ---p 00000000 00:00 0 
7f55a8000000-7f55a8021000 rw-p 00000000 00:00 0 
7f55a8021000-7f55ac000000 ---p 00000000 00:00 0 
7f55ac000000-7f55ac021000 rw-p 00000000 00:00 0 
7f55ac021000-7f55b0000000 ---p 00000000 00:00 0 
7f55b27fd000-7f55b27fe000 ---p 00000000 00:00 0 
7f55b27fe000-7f55b2ffe000 rwxp 00000000 00:00 0 
7f55b2ffe000-7f55b2fff000 ---p 00000000 00:00 0 
7f55b2fff000-7f55b37ff000 rwxp 00000000 00:00 0 
7f55b37ff000-7f55b3800000 ---p 00000000 00:00 0 
7f55b3800000-7f55b4000000 rwxp 00000000 00:00 0 
7f55b4000000-7f55b4021000 rw-p 00000000 00:00 0 
7f55b4021000-7f55b8000000 ---p 00000000 00:00 0 
7f55b8445000-7f55b8448000 ---p 00000000 00:00 0 
7f55b8448000-7f55b8546000 rwxp 00000000 00:00 0 
7f55b8546000-7f55b854b000 r-xp 00000000 fe:00 7079128                    /usr/lib/libnss_dns-2.25.so
7f55b854b000-7f55b874a000 ---p 00005000 fe:00 7079128                    /usr/lib/libnss_dns-2.25.so
7f55b874a000-7f55b874b000 r--p 00004000 fe:00 7079128                    /usr/lib/libnss_dns-2.25.so
7f55b874b000-7f55b874c000 rw-p 00005000 fe:00 7079128                    /usr/lib/libnss_dns-2.25.so
7f55b874c000-7f55b8760000 r-xp 00000000 fe:00 7097593                    /usr/lib/libgpg-error.so.0.22.0
7f55b8760000-7f55b895f000 ---p 00014000 fe:00 7097593                    /usr/lib/libgpg-error.so.0.22.0
7f55b895f000-7f55b8960000 r--p 00013000 fe:00 7097593                    /usr/lib/libgpg-error.so.0.22.0
7f55b8960000-7f55b8961000 rw-p 00014000 fe:00 7097593                    /usr/lib/libgpg-error.so.0.22.0
7f55b8961000-7f55b8a68000 r-xp 00000000 fe:00 7092233                    /usr/lib/libgcrypt.so.20.1.6
7f55b8a68000-7f55b8c67000 ---p 00107000 fe:00 7092233                    /usr/lib/libgcrypt.so.20.1.6
7f55b8c67000-7f55b8c69000 r--p 00106000 fe:00 7092233                    /usr/lib/libgcrypt.so.20.1.6
7f55b8c69000-7f55b8c70000 rw-p 00108000 fe:00 7092233                    /usr/lib/libgcrypt.so.20.1.6
7f55b8c70000-7f55b8c83000 r-xp 00000000 fe:00 7092241                    /usr/lib/liblz4.so.1.7.5
7f55b8c83000-7f55b8e82000 ---p 00013000 fe:00 7092241                    /usr/lib/liblz4.so.1.7.5
7f55b8e82000-7f55b8e83000 r--p 00012000 fe:00 7092241                    /usr/lib/liblz4.so.1.7.5
7f55b8e83000-7f55b8e84000 rw-p 00013000 fe:00 7092241                    /usr/lib/liblz4.so.1.7.5
7f55b8e84000-7f55b8ea9000 r-xp 00000000 fe:00 7078717                    /usr/lib/liblzma.so.5.2.3
7f55b8ea9000-7f55b90a8000 ---p 00025000 fe:00 7078717                    /usr/lib/liblzma.so.5.2.3
7f55b90a8000-7f55b90a9000 r--p 00024000 fe:00 7078717                    /usr/lib/liblzma.so.5.2.3
7f55b90a9000-7f55b90aa000 rw-p 00025000 fe:00 7078717                    /usr/lib/liblzma.so.5.2.3
7f55b90aa000-7f55b912e000 r-xp 00000000 fe:00 7083479                    /usr/lib/libsystemd.so.0.17.0
7f55b912e000-7f55b9131000 r--p 00083000 fe:00 7083479                    /usr/lib/libsystemd.so.0.17.0
7f55b9131000-7f55b9132000 rw-p 00086000 fe:00 7083479                    /usr/lib/libsystemd.so.0.17.0
7f55b9132000-7f55b9133000 rw-p 00000000 00:00 0 
7f55b9133000-7f55b91a5000 r-xp 00000000 fe:00 7081903                    /usr/lib/libpcre.so.1.2.8
7f55b91a5000-7f55b93a4000 ---p 00072000 fe:00 7081903                    /usr/lib/libpcre.so.1.2.8
7f55b93a4000-7f55b93a5000 r--p 00071000 fe:00 7081903                    /usr/lib/libpcre.so.1.2.8
7f55b93a5000-7f55b93a6000 rw-p 00072000 fe:00 7081903                    /usr/lib/libpcre.so.1.2.8
7f55b93a6000-7f55b93aa000 r-xp 00000000 fe:00 7083303                    /usr/lib/libcap.so.2.25
7f55b93aa000-7f55b95a9000 ---p 00004000 fe:00 7083303                    /usr/lib/libcap.so.2.25
7f55b95a9000-7f55b95aa000 rw-p 00003000 fe:00 7083303                    /usr/lib/libcap.so.2.25
7f55b95aa000-7f55b95bd000 r-xp 00000000 fe:00 7078681                    /usr/lib/libresolv-2.25.so
7f55b95bd000-7f55b97bc000 ---p 00013000 fe:00 7078681                    /usr/lib/libresolv-2.25.so
7f55b97bc000-7f55b97bd000 r--p 00012000 fe:00 7078681                    /usr/lib/libresolv-2.25.so
7f55b97bd000-7f55b97be000 rw-p 00013000 fe:00 7078681                    /usr/lib/libresolv-2.25.so
7f55b97be000-7f55b97c0000 rw-p 00000000 00:00 0 
7f55b97c0000-7f55b97d6000 r-xp 00000000 fe:00 7097587                    /usr/lib/libgcc_s.so.1
7f55b97d6000-7f55b99d5000 ---p 00016000 fe:00 7097587                    /usr/lib/libgcc_s.so.1
7f55b99d5000-7f55b99d6000 r--p 00015000 fe:00 7097587                    /usr/lib/libgcc_s.so.1
7f55b99d6000-7f55b99d7000 rw-p 00016000 fe:00 7097587                    /usr/lib/libgcc_s.so.1
7f55b99d7000-7f55b9b4f000 r-xp 00000000 fe:00 7081798                    /usr/lib/libstdc++.so.6.0.22
7f55b9b4f000-7f55b9d4f000 ---p 00178000 fe:00 7081798                    /usr/lib/libstdc++.so.6.0.22
7f55b9d4f000-7f55b9d59000 r--p 00178000 fe:00 7081798                    /usr/lib/libstdc++.so.6.0.22
7f55b9d59000-7f55b9d5b000 rw-p 00182000 fe:00 7081798                    /usr/lib/libstdc++.so.6.0.22
7f55b9d5b000-7f55b9d5f000 rw-p 00000000 00:00 0 
7f55b9d5f000-7f55b9dad000 r-xp 00000000 fe:00 7078337                    /usr/lib/libdbus-1.so.3.14.10
7f55b9dad000-7f55b9fac000 ---p 0004e000 fe:00 7078337                    /usr/lib/libdbus-1.so.3.14.10
7f55b9fac000-7f55b9fad000 r--p 0004d000 fe:00 7078337                    /usr/lib/libdbus-1.so.3.14.10
7f55b9fad000-7f55b9fae000 rw-p 0004e000 fe:00 7078337                    /usr/lib/libdbus-1.so.3.14.10
7f55b9fae000-7f55b9faf000 rw-p 00000000 00:00 0 
7f55b9faf000-7f55ba0c0000 r-xp 00000000 fe:00 7080359                    /usr/lib/libglib-2.0.so.0.5000.3
7f55ba0c0000-7f55ba2bf000 ---p 00111000 fe:00 7080359                    /usr/lib/libglib-2.0.so.0.5000.3
7f55ba2bf000-7f55ba2c0000 r--p 00110000 fe:00 7080359                    /usr/lib/libglib-2.0.so.0.5000.3
7f55ba2c0000-7f55ba2c1000 rw-p 00111000 fe:00 7080359                    /usr/lib/libglib-2.0.so.0.5000.3
7f55ba2c1000-7f55ba2c2000 rw-p 00000000 00:00 0 
7f55ba2c2000-7f55ba2f4000 r-xp 00000000 fe:00 7083397                    /usr/lib/libidn.so.11.6.16
7f55ba2f4000-7f55ba4f4000 ---p 00032000 fe:00 7083397                    /usr/lib/libidn.so.11.6.16
7f55ba4f4000-7f55ba4f5000 r--p 00032000 fe:00 7083397                    /usr/lib/libidn.so.11.6.16
7f55ba4f5000-7f55ba4f6000 rw-p 00033000 fe:00 7083397                    /usr/lib/libidn.so.11.6.16
7f55ba4f6000-7f55ba515000 r-xp 00000000 fe:00 7087525                    /usr/lib/libudev.so.1.6.5
7f55ba515000-7f55ba516000 r--p 0001e000 fe:00 7087525                    /usr/lib/libudev.so.1.6.5
7f55ba516000-7f55ba517000 rw-p 0001f000 fe:00 7087525                    /usr/lib/libudev.so.1.6.5
7f55ba55c000-7f55bab61000 r-xp 00000000 fe:00 8789515                    /home/hasirak/Desktop/AccessibleVirtualKeyboard/epocwebconnection/bin/linux64/libedk.so.3.3.3
7f55bab61000-7f55bad61000 ---p 00605000 fe:00 8789515                    /home/hasirak/Desktop/AccessibleVirtualKeyboard/epocwebconnection/bin/linux64/libedk.so.3.3.3
7f55bad61000-7f55bad92000 r--p 00605000 fe:00 8789515                    /home/hasirak/Desktop/AccessibleVirtualKeyboard/epocwebconnection/bin/linux64/libedk.so.3.3.3
7f55bad92000-7f55badbb000 rw-p 00636000 fe:00 8789515                    /home/hasirak/Desktop/AccessibleVirtualKeyboard/epocwebconnection/bin/linux64/libedk.so.3.3.3
7f55badbb000-7f55badc4000 rw-p 00000000 00:00 0 
7f55badc4000-7f55baddb000 r-xp 00000000 00:25 52                         /tmp/jna-697575597/jna156733698739706713.tmp (deleted)
7f55baddb000-7f55baeda000 ---p 00017000 00:25 52                         /tmp/jna-697575597/jna156733698739706713.tmp (deleted)
7f55baeda000-7f55baedc000 rw-p 00016000 00:25 52                         /tmp/jna-697575597/jna156733698739706713.tmp (deleted)
7f55baedc000-7f55baedd000 ---p 00000000 00:00 0 
7f55baedd000-7f55bb0de000 rwxp 00000000 00:00 0 
7f55bb0de000-7f55bb0df000 ---p 00000000 00:00 0 
7f55bb0df000-7f55bb1df000 rwxp 00000000 00:00 0 
7f55bb1df000-7f55bb1e0000 ---p 00000000 00:00 0 
7f55bb1e0000-7f55bb2e0000 rwxp 00000000 00:00 0 
7f55bb2e0000-7f55bb2e1000 ---p 00000000 00:00 0 
7f55bb2e1000-7f55bb3e1000 rwxp 00000000 00:00 0 
7f55bb3e1000-7f55bb3e2000 ---p 00000000 00:00 0 
7f55bb3e2000-7f55bb5e3000 rwxp 00000000 00:00 0 
7f55bb5e3000-7f55bb8f9000 r--p 00000000 fe:00 7097578                    /usr/lib/locale/locale-archive
7f55bb8f9000-7f55bbafb000 rwxp 00000000 00:00 0 
7f55bbafb000-7f55bbafc000 ---p 00000000 00:00 0 
7f55bbafc000-7f55bbbfc000 rwxp 00000000 00:00 0 
7f55bbbfc000-7f55bc000000 rw-p 00000000 00:00 0 
7f55bc000000-7f55bc021000 rw-p 00000000 00:00 0 
7f55bc021000-7f55c0000000 ---p 00000000 00:00 0 
7f55c0000000-7f55c0021000 rw-p 00000000 00:00 0 
7f55c0021000-7f55c4000000 ---p 00000000 00:00 0 
7f55c4000000-7f55c4021000 rw-p 00000000 00:00 0 
7f55c4021000-7f55c8000000 ---p 00000000 00:00 0 
7f55c8000000-7f55c8021000 rw-p 00000000 00:00 0 
7f55c8021000-7f55cc000000 ---p 00000000 00:00 0 
7f55cc000000-7f55cc021000 rw-p 00000000 00:00 0 
7f55cc021000-7f55d0000000 ---p 00000000 00:00 0 
7f55d0013000-7f55d004c000 rwxp 00000000 00:00 0 
7f55d004c000-7f55d1000000 rw-p 00000000 00:00 0 
7f55d1000000-7f55d1270000 rwxp 00000000 00:00 0 
7f55d1270000-7f55e0000000 ---p 00000000 00:00 0 
7f55e0000000-7f55e0371000 rw-p 00000000 00:00 0 
7f55e0371000-7f55e4000000 ---p 00000000 00:00 0 
7f55e4017000-7f55e48f0000 rw-p 00000000 00:00 0 
7f55e48f0000-7f55e4abf000 r--s 03c05000 fe:00 8257783                    /usr/lib/jvm/java-8-openjdk/jre/lib/rt.jar
7f55e4abf000-7f55e4ff5000 rw-p 00000000 00:00 0 
7f55e4ff5000-7f55e5335000 ---p 00000000 00:00 0 
7f55e5335000-7f55e5afd000 rw-p 00000000 00:00 0 
7f55e5afd000-7f55e5afe000 ---p 00000000 00:00 0 
7f55e5afe000-7f55e5bfe000 rwxp 00000000 00:00 0 
7f55e5bfe000-7f55e5bff000 ---p 00000000 00:00 0 
7f55e5bff000-7f55e5cff000 rwxp 00000000 00:00 0 
7f55e5cff000-7f55e5d00000 ---p 00000000 00:00 0 
7f55e5d00000-7f55e5e00000 rwxp 00000000 00:00 0 
7f55e5e00000-7f55e5e01000 ---p 00000000 00:00 0 
7f55e5e01000-7f55e5f01000 rwxp 00000000 00:00 0 
7f55e5f01000-7f55e5f02000 ---p 00000000 00:00 0 
7f55e5f02000-7f55e6002000 rwxp 00000000 00:00 0 
7f55e6002000-7f55e6003000 ---p 00000000 00:00 0 
7f55e6003000-7f55e6103000 rwxp 00000000 00:00 0 
7f55e6103000-7f55e6104000 ---p 00000000 00:00 0 
7f55e6104000-7f55e6204000 rwxp 00000000 00:00 0 
7f55e6204000-7f55e6205000 ---p 00000000 00:00 0 
7f55e6205000-7f55e6305000 rwxp 00000000 00:00 0 
7f55e6305000-7f55e6359000 rw-p 00000000 00:00 0 
7f55e6359000-7f55e6835000 ---p 00000000 00:00 0 
7f55e6835000-7f55e6889000 rw-p 00000000 00:00 0 
7f55e6889000-7f55e6d65000 ---p 00000000 00:00 0 
7f55e6d65000-7f55e6d8f000 rw-p 00000000 00:00 0 
7f55e6d8f000-7f55e6ffd000 ---p 00000000 00:00 0 
7f55e6ffd000-7f55e7008000 rw-p 00000000 00:00 0 
7f55e7008000-7f55e73be000 ---p 00000000 00:00 0 
7f55e73be000-7f55e73c6000 r-xp 00000000 fe:00 8257844                    /usr/lib/jvm/java-8-openjdk/jre/lib/amd64/libzip.so
7f55e73c6000-7f55e75c5000 ---p 00008000 fe:00 8257844                    /usr/lib/jvm/java-8-openjdk/jre/lib/amd64/libzip.so
7f55e75c5000-7f55e75c6000 r--p 00007000 fe:00 8257844                    /usr/lib/jvm/java-8-openjdk/jre/lib/amd64/libzip.so
7f55e75c6000-7f55e75c7000 rw-p 00008000 fe:00 8257844                    /usr/lib/jvm/java-8-openjdk/jre/lib/amd64/libzip.so
7f55e75c7000-7f55e75d2000 r-xp 00000000 fe:00 7079062                    /usr/lib/libnss_files-2.25.so
7f55e75d2000-7f55e77d1000 ---p 0000b000 fe:00 7079062                    /usr/lib/libnss_files-2.25.so
7f55e77d1000-7f55e77d2000 r--p 0000a000 fe:00 7079062                    /usr/lib/libnss_files-2.25.so
7f55e77d2000-7f55e77d3000 rw-p 0000b000 fe:00 7079062                    /usr/lib/libnss_files-2.25.so
7f55e77d3000-7f55e77d9000 rw-p 00000000 00:00 0 
7f55e77d9000-7f55e7806000 r-xp 00000000 fe:00 8257840                    /usr/lib/jvm/java-8-openjdk/jre/lib/amd64/libjava.so
7f55e7806000-7f55e7a05000 ---p 0002d000 fe:00 8257840                    /usr/lib/jvm/java-8-openjdk/jre/lib/amd64/libjava.so
7f55e7a05000-7f55e7a06000 r--p 0002c000 fe:00 8257840                    /usr/lib/jvm/java-8-openjdk/jre/lib/amd64/libjava.so
7f55e7a06000-7f55e7a08000 rw-p 0002d000 fe:00 8257840                    /usr/lib/jvm/java-8-openjdk/jre/lib/amd64/libjava.so
7f55e7a08000-7f55e7a15000 r-xp 00000000 fe:00 8257823                    /usr/lib/jvm/java-8-openjdk/jre/lib/amd64/libverify.so
7f55e7a15000-7f55e7c14000 ---p 0000d000 fe:00 8257823                    /usr/lib/jvm/java-8-openjdk/jre/lib/amd64/libverify.so
7f55e7c14000-7f55e7c16000 r--p 0000c000 fe:00 8257823                    /usr/lib/jvm/java-8-openjdk/jre/lib/amd64/libverify.so
7f55e7c16000-7f55e7c17000 rw-p 0000e000 fe:00 8257823                    /usr/lib/jvm/java-8-openjdk/jre/lib/amd64/libverify.so
7f55e7c17000-7f55e7c1e000 r-xp 00000000 fe:00 7078680                    /usr/lib/librt-2.25.so
7f55e7c1e000-7f55e7e1d000 ---p 00007000 fe:00 7078680                    /usr/lib/librt-2.25.so
7f55e7e1d000-7f55e7e1e000 r--p 00006000 fe:00 7078680                    /usr/lib/librt-2.25.so
7f55e7e1e000-7f55e7e1f000 rw-p 00007000 fe:00 7078680                    /usr/lib/librt-2.25.so
7f55e7e1f000-7f55e7f31000 r-xp 00000000 fe:00 7078722                    /usr/lib/libm-2.25.so
7f55e7f31000-7f55e8130000 ---p 00112000 fe:00 7078722                    /usr/lib/libm-2.25.so
7f55e8130000-7f55e8131000 r--p 00111000 fe:00 7078722                    /usr/lib/libm-2.25.so
7f55e8131000-7f55e8132000 rw-p 00112000 fe:00 7078722                    /usr/lib/libm-2.25.so
7f55e8132000-7f55e8d5d000 r-xp 00000000 fe:00 8257849                    /usr/lib/jvm/java-8-openjdk/jre/lib/amd64/server/libjvm.so
7f55e8d5d000-7f55e8f5c000 ---p 00c2b000 fe:00 8257849                    /usr/lib/jvm/java-8-openjdk/jre/lib/amd64/server/libjvm.so
7f55e8f5c000-7f55e8ff0000 r--p 00c2a000 fe:00 8257849                    /usr/lib/jvm/java-8-openjdk/jre/lib/amd64/server/libjvm.so
7f55e8ff0000-7f55e9019000 rw-p 00cbe000 fe:00 8257849                    /usr/lib/jvm/java-8-openjdk/jre/lib/amd64/server/libjvm.so
7f55e9019000-7f55e9049000 rw-p 00000000 00:00 0 
7f55e9049000-7f55e91e4000 r-xp 00000000 fe:00 7079520                    /usr/lib/libc-2.25.so
7f55e91e4000-7f55e93e3000 ---p 0019b000 fe:00 7079520                    /usr/lib/libc-2.25.so
7f55e93e3000-7f55e93e7000 r--p 0019a000 fe:00 7079520                    /usr/lib/libc-2.25.so
7f55e93e7000-7f55e93e9000 rw-p 0019e000 fe:00 7079520                    /usr/lib/libc-2.25.so
7f55e93e9000-7f55e93ed000 rw-p 00000000 00:00 0 
7f55e93ed000-7f55e93f0000 r-xp 00000000 fe:00 7078797                    /usr/lib/libdl-2.25.so
7f55e93f0000-7f55e95ef000 ---p 00003000 fe:00 7078797                    /usr/lib/libdl-2.25.so
7f55e95ef000-7f55e95f0000 r--p 00002000 fe:00 7078797                    /usr/lib/libdl-2.25.so
7f55e95f0000-7f55e95f1000 rw-p 00003000 fe:00 7078797                    /usr/lib/libdl-2.25.so
7f55e95f1000-7f55e95fe000 r-xp 00000000 fe:00 8257852                    /usr/lib/jvm/java-8-openjdk/jre/lib/amd64/jli/libjli.so
7f55e95fe000-7f55e97fd000 ---p 0000d000 fe:00 8257852                    /usr/lib/jvm/java-8-openjdk/jre/lib/amd64/jli/libjli.so
7f55e97fd000-7f55e97fe000 r--p 0000c000 fe:00 8257852                    /usr/lib/jvm/java-8-openjdk/jre/lib/amd64/jli/libjli.so
7f55e97fe000-7f55e97ff000 rw-p 0000d000 fe:00 8257852                    /usr/lib/jvm/java-8-openjdk/jre/lib/amd64/jli/libjli.so
7f55e97ff000-7f55e9815000 r-xp 00000000 fe:00 7078777                    /usr/lib/libz.so.1.2.11
7f55e9815000-7f55e9a14000 ---p 00016000 fe:00 7078777                    /usr/lib/libz.so.1.2.11
7f55e9a14000-7f55e9a15000 r--p 00015000 fe:00 7078777                    /usr/lib/libz.so.1.2.11
7f55e9a15000-7f55e9a16000 rw-p 00016000 fe:00 7078777                    /usr/lib/libz.so.1.2.11
7f55e9a16000-7f55e9a2f000 r-xp 00000000 fe:00 7079600                    /usr/lib/libpthread-2.25.so
7f55e9a2f000-7f55e9c2e000 ---p 00019000 fe:00 7079600                    /usr/lib/libpthread-2.25.so
7f55e9c2e000-7f55e9c2f000 r--p 00018000 fe:00 7079600                    /usr/lib/libpthread-2.25.so
7f55e9c2f000-7f55e9c30000 rw-p 00019000 fe:00 7079600                    /usr/lib/libpthread-2.25.so
7f55e9c30000-7f55e9c34000 rw-p 00000000 00:00 0 
7f55e9c34000-7f55e9c57000 r-xp 00000000 fe:00 7079524                    /usr/lib/ld-2.25.so
7f55e9c63000-7f55e9d0d000 rw-p 00000000 00:00 0 
7f55e9d0d000-7f55e9e0d000 rwxp 00000000 00:00 0 
7f55e9e0d000-7f55e9e0f000 rw-p 00000000 00:00 0 
7f55e9e1a000-7f55e9e1e000 r--s 0009a000 fe:00 8257779                    /usr/lib/jvm/java-8-openjdk/jre/lib/jsse.jar
7f55e9e1e000-7f55e9e22000 r--s 00112000 fe:00 8006517                    /home/hasirak/Desktop/AccessibleVirtualKeyboard/epocwebconnection/lib/jna.jar
7f55e9e22000-7f55e9e4a000 rw-p 00000000 00:00 0 
7f55e9e4a000-7f55e9e52000 rw-s 00000000 00:25 51                         /tmp/hsperfdata_hasirak/31198
7f55e9e52000-7f55e9e53000 rw-p 00000000 00:00 0 
7f55e9e53000-7f55e9e54000 r--p 00000000 00:00 0 
7f55e9e54000-7f55e9e56000 rw-p 00000000 00:00 0 
7f55e9e56000-7f55e9e57000 r--p 00022000 fe:00 7079524                    /usr/lib/ld-2.25.so
7f55e9e57000-7f55e9e58000 rw-p 00023000 fe:00 7079524                    /usr/lib/ld-2.25.so
7f55e9e58000-7f55e9e59000 rw-p 00000000 00:00 0 
7ffc11804000-7ffc11824000 rwxp 00000000 00:00 0                          [stack]
7ffc11824000-7ffc11825000 rw-p 00000000 00:00 0 
7ffc11876000-7ffc11878000 r--p 00000000 00:00 0                          [vvar]
7ffc11878000-7ffc1187a000 r-xp 00000000 00:00 0                          [vdso]
ffffffffff600000-ffffffffff601000 r-xp 00000000 00:00 0                  [vsyscall]

VM Arguments:
jvm_args: -Dfile.encoding=UTF-8 -Djava.library.path=bin/linux64/ 
java_command: com.emotiv.examples.MentalCommandWithCloudProfile.MentalCommandWithCloudProfile
java_class_path (initial): /home/hasirak/Desktop/AccessibleVirtualKeyboard/epocwebconnection/lib/jna.jar:/home/hasirak/Desktop/AccessibleVirtualKeyboard/epocwebconnection/bin/linux64:/home/hasirak/Desktop/AccessibleVirtualKeyboard/epocwebconnection/build/classes
Launcher Type: SUN_STANDARD

Environment Variables:
PATH=/usr/local/sbin:/usr/local/bin:/usr/bin:/usr/lib/jvm/default/bin:/usr/bin/site_perl:/usr/bin/vendor_perl:/usr/bin/core_perl
LD_LIBRARY_PATH=/usr/lib/jvm/default/bin/../jre/lib/amd64:/usr/lib/jvm/default/bin/../jre/lib/i386:
SHELL=/bin/bash
DISPLAY=:0

Signal Handlers:
SIGSEGV: [libjvm.so+0xa2d880], sa_mask[0]=11111111011111111101111111111110, sa_flags=SA_RESTART|SA_SIGINFO
SIGBUS: [libjvm.so+0xa2d880], sa_mask[0]=11111111011111111101111111111110, sa_flags=SA_RESTART|SA_SIGINFO
SIGFPE: [libjvm.so+0x881d40], sa_mask[0]=11111111011111111101111111111110, sa_flags=SA_RESTART|SA_SIGINFO
SIGPIPE: [libjvm.so+0x881d40], sa_mask[0]=11111111011111111101111111111110, sa_flags=SA_RESTART|SA_SIGINFO
SIGXFSZ: [libjvm.so+0x881d40], sa_mask[0]=11111111011111111101111111111110, sa_flags=SA_RESTART|SA_SIGINFO
SIGILL: [libjvm.so+0x881d40], sa_mask[0]=11111111011111111101111111111110, sa_flags=SA_RESTART|SA_SIGINFO
SIGUSR1: SIG_DFL, sa_mask[0]=00000000000000000000000000000000, sa_flags=none
SIGUSR2: [libjvm.so+0x881c10], sa_mask[0]=00100000000000000000000000000000, sa_flags=SA_RESTART|SA_SIGINFO
SIGHUP: [libjvm.so+0x882080], sa_mask[0]=11111111011111111101111111111110, sa_flags=SA_RESTART|SA_SIGINFO
SIGINT: SIG_IGN, sa_mask[0]=00000000000000000000000000000000, sa_flags=none
SIGTERM: [libjvm.so+0x882080], sa_mask[0]=11111111011111111101111111111110, sa_flags=SA_RESTART|SA_SIGINFO
SIGQUIT: [libjvm.so+0x882080], sa_mask[0]=11111111011111111101111111111110, sa_flags=SA_RESTART|SA_SIGINFO


---------------  S Y S T E M  ---------------

OS:DISTRIB_ID=ManjaroLinux
DISTRIB_RELEASE=17.0
DISTRIB_CODENAME=Gellivara
DISTRIB_DESCRIPTION="Manjaro Linux"

uname:Linux 4.4.55-1-MANJARO #1 SMP PREEMPT Sun Mar 19 07:00:14 UTC 2017 x86_64
libc:glibc 2.25 NPTL 2.25 
rlimit: STACK 8192k, CORE infinity, NPROC 63691, NOFILE 4096, AS infinity
load average:0.46 0.43 0.44

/proc/meminfo:
MemTotal:       16315260 kB
MemFree:         8484332 kB
MemAvailable:   10952128 kB
Buffers:          186604 kB
Cached:          2889312 kB
SwapCached:            0 kB
Active:          5638404 kB
Inactive:        1814508 kB
Active(anon):    4389732 kB
Inactive(anon):   502844 kB
Active(file):    1248672 kB
Inactive(file):  1311664 kB
Unevictable:          32 kB
Mlocked:              32 kB
SwapTotal:      17944804 kB
SwapFree:       17944804 kB
Dirty:               100 kB
Writeback:             0 kB
AnonPages:       4377024 kB
Mapped:           971500 kB
Shmem:            515588 kB
Slab:             204508 kB
SReclaimable:     152788 kB
SUnreclaim:        51720 kB
KernelStack:       12688 kB
PageTables:        65092 kB
NFS_Unstable:          0 kB
Bounce:                0 kB
WritebackTmp:          0 kB
CommitLimit:    26102432 kB
Committed_AS:    9724492 kB
VmallocTotal:   34359738367 kB
VmallocUsed:           0 kB
VmallocChunk:          0 kB
HardwareCorrupted:     0 kB
AnonHugePages:   2424832 kB
HugePages_Total:       0
HugePages_Free:        0
HugePages_Rsvd:        0
HugePages_Surp:        0
Hugepagesize:       2048 kB
DirectMap4k:      191232 kB
DirectMap2M:     7026688 kB
DirectMap1G:    10485760 kB


CPU:total 8 (4 cores per cpu, 2 threads per core) family 6 model 60 stepping 3, cmov, cx8, fxsr, mmx, sse, sse2, sse3, ssse3, sse4.1, sse4.2, popcnt, avx, avx2, aes, clmul, erms, lzcnt, ht, tsc, tscinvbit, bmi1, bmi2

/proc/cpuinfo:
processor	: 0
vendor_id	: GenuineIntel
cpu family	: 6
model		: 60
model name	: Intel(R) Core(TM) i7-4702MQ CPU @ 2.20GHz
stepping	: 3
microcode	: 0x20
cpu MHz		: 2383.218
cache size	: 6144 KB
physical id	: 0
siblings	: 8
core id		: 0
cpu cores	: 4
apicid		: 0
initial apicid	: 0
fpu		: yes
fpu_exception	: yes
cpuid level	: 13
wp		: yes
flags		: fpu vme de pse tsc msr pae mce cx8 apic sep mtrr pge mca cmov pat pse36 clflush dts acpi mmx fxsr sse sse2 ss ht tm pbe syscall nx pdpe1gb rdtscp lm constant_tsc arch_perfmon pebs bts rep_good nopl xtopology nonstop_tsc aperfmperf eagerfpu pni pclmulqdq dtes64 monitor ds_cpl vmx est tm2 ssse3 sdbg fma cx16 xtpr pdcm pcid sse4_1 sse4_2 movbe popcnt tsc_deadline_timer aes xsave avx f16c rdrand lahf_lm abm ida arat epb pln pts dtherm tpr_shadow vnmi flexpriority ept vpid fsgsbase tsc_adjust bmi1 avx2 smep bmi2 erms invpcid xsaveopt
bugs		:
bogomips	: 4391.14
clflush size	: 64
cache_alignment	: 64
address sizes	: 39 bits physical, 48 bits virtual
power management:

processor	: 1
vendor_id	: GenuineIntel
cpu family	: 6
model		: 60
model name	: Intel(R) Core(TM) i7-4702MQ CPU @ 2.20GHz
stepping	: 3
microcode	: 0x20
cpu MHz		: 2498.031
cache size	: 6144 KB
physical id	: 0
siblings	: 8
core id		: 0
cpu cores	: 4
apicid		: 1
initial apicid	: 1
fpu		: yes
fpu_exception	: yes
cpuid level	: 13
wp		: yes
flags		: fpu vme de pse tsc msr pae mce cx8 apic sep mtrr pge mca cmov pat pse36 clflush dts acpi mmx fxsr sse sse2 ss ht tm pbe syscall nx pdpe1gb rdtscp lm constant_tsc arch_perfmon pebs bts rep_good nopl xtopology nonstop_tsc aperfmperf eagerfpu pni pclmulqdq dtes64 monitor ds_cpl vmx est tm2 ssse3 sdbg fma cx16 xtpr pdcm pcid sse4_1 sse4_2 movbe popcnt tsc_deadline_timer aes xsave avx f16c rdrand lahf_lm abm ida arat epb pln pts dtherm tpr_shadow vnmi flexpriority ept vpid fsgsbase tsc_adjust bmi1 avx2 smep bmi2 erms invpcid xsaveopt
bugs		:
bogomips	: 4391.14
clflush size	: 64
cache_alignment	: 64
address sizes	: 39 bits physical, 48 bits virtual
power management:

processor	: 2
vendor_id	: GenuineIntel
cpu family	: 6
model		: 60
model name	: Intel(R) Core(TM) i7-4702MQ CPU @ 2.20GHz
stepping	: 3
microcode	: 0x20
cpu MHz		: 2560.937
cache size	: 6144 KB
physical id	: 0
siblings	: 8
core id		: 1
cpu cores	: 4
apicid		: 2
initial apicid	: 2
fpu		: yes
fpu_exception	: yes
cpuid level	: 13
wp		: yes
flags		: fpu vme de pse tsc msr pae mce cx8 apic sep mtrr pge mca cmov pat pse36 clflush dts acpi mmx fxsr sse sse2 ss ht tm pbe syscall nx pdpe1gb rdtscp lm constant_tsc arch_perfmon pebs bts rep_good nopl xtopology nonstop_tsc aperfmperf eagerfpu pni pclmulqdq dtes64 monitor ds_cpl vmx est tm2 ssse3 sdbg fma cx16 xtpr pdcm pcid sse4_1 sse4_2 movbe popcnt tsc_deadline_timer aes xsave avx f16c rdrand lahf_lm abm ida arat epb pln pts dtherm tpr_shadow vnmi flexpriority ept vpid fsgsbase tsc_adjust bmi1 avx2 smep bmi2 erms invpcid xsaveopt
bugs		:
bogomips	: 4391.14
clflush size	: 64
cache_alignment	: 64
address sizes	: 39 bits physical, 48 bits virtual
power management:

processor	: 3
vendor_id	: GenuineIntel
cpu family	: 6
model		: 60
model name	: Intel(R) Core(TM) i7-4702MQ CPU @ 2.20GHz
stepping	: 3
microcode	: 0x20
cpu MHz		: 2604.679
cache size	: 6144 KB
physical id	: 0
siblings	: 8
core id		: 1
cpu cores	: 4
apicid		: 3
initial apicid	: 3
fpu		: yes
fpu_exception	: yes
cpuid level	: 13
wp		: yes
flags		: fpu vme de pse tsc msr pae mce cx8 apic sep mtrr pge mca cmov pat pse36 clflush dts acpi mmx fxsr sse sse2 ss ht tm pbe syscall nx pdpe1gb rdtscp lm constant_tsc arch_perfmon pebs bts rep_good nopl xtopology nonstop_tsc aperfmperf eagerfpu pni pclmulqdq dtes64 monitor ds_cpl vmx est tm2 ssse3 sdbg fma cx16 xtpr pdcm pcid sse4_1 sse4_2 movbe popcnt tsc_deadline_timer aes xsave avx f16c rdrand lahf_lm abm ida arat epb pln pts dtherm tpr_shadow vnmi flexpriority ept vpid fsgsbase tsc_adjust bmi1 avx2 smep bmi2 erms invpcid xsaveopt
bugs		:
bogomips	: 4391.14
clflush size	: 64
cache_alignment	: 64
address sizes	: 39 bits physical, 48 bits virtual
power management:

processor	: 4
vendor_id	: GenuineIntel
cpu family	: 6
model		: 60
model name	: Intel(R) Core(TM) i7-4702MQ CPU @ 2.20GHz
stepping	: 3
microcode	: 0x20
cpu MHz		: 2592.734
cache size	: 6144 KB
physical id	: 0
siblings	: 8
core id		: 2
cpu cores	: 4
apicid		: 4
initial apicid	: 4
fpu		: yes
fpu_exception	: yes
cpuid level	: 13
wp		: yes
flags		: fpu vme de pse tsc msr pae mce cx8 apic sep mtrr pge mca cmov pat pse36 clflush dts acpi mmx fxsr sse sse2 ss ht tm pbe syscall nx pdpe1gb rdtscp lm constant_tsc arch_perfmon pebs bts rep_good nopl xtopology nonstop_tsc aperfmperf eagerfpu pni pclmulqdq dtes64 monitor ds_cpl vmx est tm2 ssse3 sdbg fma cx16 xtpr pdcm pcid sse4_1 sse4_2 movbe popcnt tsc_deadline_timer aes xsave avx f16c rdrand lahf_lm abm ida arat epb pln pts dtherm tpr_shadow vnmi flexpriority ept vpid fsgsbase tsc_adjust bmi1 avx2 smep bmi2 erms invpcid xsaveopt
bugs		:
bogomips	: 4391.14
clflush size	: 64
cache_alignment	: 64
address sizes	: 39 bits physical, 48 bits virtual
power management:

processor	: 5
vendor_id	: GenuineIntel
cpu family	: 6
model		: 60
model name	: Intel(R) Core(TM) i7-4702MQ CPU @ 2.20GHz
stepping	: 3
microcode	: 0x20
cpu MHz		: 2659.765
cache size	: 6144 KB
physical id	: 0
siblings	: 8
core id		: 2
cpu cores	: 4
apicid		: 5
initial apicid	: 5
fpu		: yes
fpu_exception	: yes
cpuid level	: 13
wp		: yes
flags		: fpu vme de pse tsc msr pae mce cx8 apic sep mtrr pge mca cmov pat pse36 clflush dts acpi mmx fxsr sse sse2 ss ht tm pbe syscall nx pdpe1gb rdtscp lm constant_tsc arch_perfmon pebs bts rep_good nopl xtopology nonstop_tsc aperfmperf eagerfpu pni pclmulqdq dtes64 monitor ds_cpl vmx est tm2 ssse3 sdbg fma cx16 xtpr pdcm pcid sse4_1 sse4_2 movbe popcnt tsc_deadline_timer aes xsave avx f16c rdrand lahf_lm abm ida arat epb pln pts dtherm tpr_shadow vnmi flexpriority ept vpid fsgsbase tsc_adjust bmi1 avx2 smep bmi2 erms invpcid xsaveopt
bugs		:
bogomips	: 4391.14
clflush size	: 64
cache_alignment	: 64
address sizes	: 39 bits physical, 48 bits virtual
power management:

processor	: 6
vendor_id	: GenuineIntel
cpu family	: 6
model		: 60
model name	: Intel(R) Core(TM) i7-4702MQ CPU @ 2.20GHz
stepping	: 3
microcode	: 0x20
cpu MHz		: 2389.664
cache size	: 6144 KB
physical id	: 0
siblings	: 8
core id		: 3
cpu cores	: 4
apicid		: 6
initial apicid	: 6
fpu		: yes
fpu_exception	: yes
cpuid level	: 13
wp		: yes
flags		: fpu vme de pse tsc msr pae mce cx8 apic sep mtrr pge mca cmov pat pse36 clflush dts acpi mmx fxsr sse sse2 ss ht tm pbe syscall nx pdpe1gb rdtscp lm constant_tsc arch_perfmon pebs bts rep_good nopl xtopology nonstop_tsc aperfmperf eagerfpu pni pclmulqdq dtes64 monitor ds_cpl vmx est tm2 ssse3 sdbg fma cx16 xtpr pdcm pcid sse4_1 sse4_2 movbe popcnt tsc_deadline_timer aes xsave avx f16c rdrand lahf_lm abm ida arat epb pln pts dtherm tpr_shadow vnmi flexpriority ept vpid fsgsbase tsc_adjust bmi1 avx2 smep bmi2 erms invpcid xsaveopt
bugs		:
bogomips	: 4391.14
clflush size	: 64
cache_alignment	: 64
address sizes	: 39 bits physical, 48 bits virtual
power management:

processor	: 7
vendor_id	: GenuineIntel
cpu family	: 6
model		: 60
model name	: Intel(R) Core(TM) i7-4702MQ CPU @ 2.20GHz
stepping	: 3
microcode	: 0x20
cpu MHz		: 2574.687
cache size	: 6144 KB
physical id	: 0
siblings	: 8
core id		: 3
cpu cores	: 4
apicid		: 7
initial apicid	: 7
fpu		: yes
fpu_exception	: yes
cpuid level	: 13
wp		: yes
flags		: fpu vme de pse tsc msr pae mce cx8 apic sep mtrr pge mca cmov pat pse36 clflush dts acpi mmx fxsr sse sse2 ss ht tm pbe syscall nx pdpe1gb rdtscp lm constant_tsc arch_perfmon pebs bts rep_good nopl xtopology nonstop_tsc aperfmperf eagerfpu pni pclmulqdq dtes64 monitor ds_cpl vmx est tm2 ssse3 sdbg fma cx16 xtpr pdcm pcid sse4_1 sse4_2 movbe popcnt tsc_deadline_timer aes xsave avx f16c rdrand lahf_lm abm ida arat epb pln pts dtherm tpr_shadow vnmi flexpriority ept vpid fsgsbase tsc_adjust bmi1 avx2 smep bmi2 erms invpcid xsaveopt
bugs		:
bogomips	: 4391.14
clflush size	: 64
cache_alignment	: 64
address sizes	: 39 bits physical, 48 bits virtual
power management:



Memory: 4k page, physical 16315260k(8484332k free), swap 17944804k(17944804k free)

vm_info: OpenJDK 64-Bit Server VM (25.121-b13) for linux-amd64 JRE (1.8.0_121-b13), built on Jan 22 2017 09:22:31 by "builduser" with gcc 6.3.1 20170109

time: Wed Mar 29 09:26:00 2017
elapsed time: 35 seconds (0d 0h 0m 35s)

